This is TeX, Version 3.1415N (C version 6.1) (format=latex 94.9.13)  2 JUN 1995 19:24
**html-spec.tex
(html-spec.tex
LaTeX2e <1994/06/01> patch level 3
Hyphenation patterns for english, usa, german, swedish, loaded.
(/usr/lib/texmf/tex/latex/latex/latex209.def
File: latex209.def 1994/06/01 Standard LaTeX file

Entering LaTeX 2.09 compatibility mode.
\footheight=\dimen102
\@maxsep=\dimen103
\@dblmaxsep=\dimen104
(/usr/lib/texmf/tex/latex/latex/tracefnt.sty
Package: tracefnt 1994/05/29 v2.3k Standard LaTeX package (font tracing)
\tracingfonts=\count82
LaTeX Info: Redefining \selectfont on input line 113.
)
\symbold=\mathgroup4
\symsans=\mathgroup5
\symtypewriter=\mathgroup6
\symitalic=\mathgroup7
\symsmallcaps=\mathgroup8
\symslanted=\mathgroup9
LaTeX Font Info:    Redeclaring math alphabet \mathbf on input line 179.
LaTeX Font Info:    Redeclaring math alphabet \mathsf on input line 180.
LaTeX Font Info:    Redeclaring math alphabet \mathtt on input line 181.
LaTeX Font Info:    Redeclaring math alphabet \mathit on input line 187.
LaTeX Info: Redefining \em on input line 197.

(/usr/lib/texmf/tex/latex/latex/latexsym.sty
Package: latexsym 1994/05/27 v2.1e Standard LaTeX package (lasy symbols)
\symlasy=\mathgroup10
LaTeX Font Info:    Overwriting symbol font `lasy' in version `bold'
(Font)                  U/lasy/m/n --> U/lasy/b/n on input line 47.
)
LaTeX Font Info:    Redeclaring math delimiter \lgroup on input line 262.
LaTeX Font Info:    Redeclaring math delimiter \rgroup on input line 264.
LaTeX Font Info:    Redeclaring math delimiter \bracevert on input line 266.
)
(/usr/lib/texmf/tex/latex/latex/article.cls
Document Class: article 1994/07/13 v1.2u Standard LaTeX document class
(/usr/lib/texmf/tex/latex/latex/size12.clo
File: size12.clo 1994/07/13 v1.2u Standard LaTeX file (size option)
)
\c@part=\count83
\c@section=\count84
\c@subsection=\count85
\c@subsubsection=\count86
\c@paragraph=\count87
\c@subparagraph=\count88
\c@figure=\count89
\c@table=\count90
\abovecaptionskip=\skip41
\belowcaptionskip=\skip42
Compatibility mode: definition of \rm ignored.
Compatibility mode: definition of \sf ignored.
Compatibility mode: definition of \tt ignored.
Compatibility mode: definition of \bf ignored.
Compatibility mode: definition of \it ignored.
Compatibility mode: definition of \sl ignored.
Compatibility mode: definition of \sc ignored.
\bibindent=\dimen105
) (rfc.sty) (html-spec.aux)
LaTeX Font Info:    Checking defaults for T1/cmr/m/n on input line 10.
LaTeX Font Info:    ... okay on input line 10.
LaTeX Font Info:    Checking defaults for OT1/cmr/m/n on input line 10.
LaTeX Font Info:    ... okay on input line 10.
LaTeX Font Info:    Checking defaults for OML/cmm/m/it on input line 10.
LaTeX Font Info:    ... okay on input line 10.
LaTeX Font Info:    Checking defaults for OMS/cmsy/m/n on input line 10.
LaTeX Font Info:    ... okay on input line 10.
LaTeX Font Info:    Checking defaults for OMX/cmex/m/n on input line 10.
LaTeX Font Info:    ... okay on input line 10.
LaTeX Font Info:    Checking defaults for U/cmr/m/n on input line 10.
LaTeX Font Info:    ... okay on input line 10.
LaTeX Info: Redefining \" on input line 10.
LaTeX Info: Redefining \" on input line 10.
LaTeX Font Info:    No math setup on input line 39.
LaTeX Font Info:    External font `cmex10' loaded for size
(Font)              <12> on input line 39.
LaTeX Font Info:    External font `cmex10' loaded for size
(Font)              <8> on input line 39.
LaTeX Font Info:    External font `cmex10' loaded for size
(Font)              <6> on input line 39.
 [1

]
[2] [3] [4] [5]
Overfull \hbox (81.76175pt too wide) in paragraph at lines 276--279
[]\OT1/cmr/m/n/12 In this ex-ample, \OT1/cmr/m/it/12 img \OT1/cmr/m/n/12 is the
 ele-ment name, \OT1/cmr/m/it/12 src \OT1/cmr/m/n/12 is the at-trib-ute name, a
nd \OT1/cmtt/m/n/12 `http://host/dir/file.gif'
 []

[6]
Overfull \hbox (62.71019pt too wide) in paragraph at lines 315--324
[]$\OML/cmm/m/it/12 <$\OT1/cmr/m/n/12 !DOCTYPE HTML PUB-LIC "-//IETF//DTD HTML 
2.0//EN"$\OML/cmm/m/it/12 >$ $<$\OT1/cmr/m/n/12 HEAD$\OML/cmm/m/it/12 >$ $<$\OT
1/cmr/m/n/12 TITLE$\OML/cmm/m/it/12 >$\OT1/cmr/m/n/12 HTML
 []

[7]
Overfull \hbox (20.75783pt too wide) in paragraph at lines 340--342
[]$\OML/cmm/m/it/12 <$\OT1/cmr/m/n/12 !DOCTYPE HTML PUB-LIC "-//IETF//DTD HTML 
2.0 Strict//EN"$\OML/cmm/m/it/12 >$ $<$\OT1/cmr/m/n/12 !DOCTYPE
 []


Overfull \hbox (48.61728pt too wide) in paragraph at lines 351--380
\OT1/cmr/m/n/12 Here's a good place to put a com-ment. --$\OML/cmm/m/it/12 >$ $
<$\OT1/cmr/m/n/12 HEAD$\OML/cmm/m/it/12 >$ $<$\OT1/cmr/m/n/12 TITLE$\OML/cmm/m/
it/12 >$\OT1/cmr/m/n/12 Structural Example$\OML/cmm/m/it/12 <$\OT1/cmr/m/n/12 /
TITLE$\OML/cmm/m/it/12 >$
 []

[8] [9]
Overfull \hbox (14.95381pt too wide) in paragraph at lines 442--448
[]$\OML/cmm/m/it/12 <$\OT1/cmr/m/n/12 div class=chapter$\OML/cmm/m/it/12 >$$<$\
OT1/cmr/m/n/12 h1$\OML/cmm/m/it/12 >$\OT1/cmr/m/n/12 foo$\OML/cmm/m/it/12 <$\OT
1/cmr/m/n/12 /h1$\OML/cmm/m/it/12 >$$<$\OT1/cmr/m/n/12 p$\OML/cmm/m/it/12 >$\OT
1/cmr/m/n/12 ...$\OML/cmm/m/it/12 <$\OT1/cmr/m/n/12 /div$\OML/cmm/m/it/12 >$ \O
T1/cmr/m/n/12 =$\OML/cmm/m/it/12 >$ $<$\OT1/cmr/m/n/12 H1$\OML/cmm/m/it/12 >$\O
T1/cmr/m/n/12 ,"foo",$\OML/cmm/m/it/12 <$\OT1/cmr/m/n/12 /H1$\OML/cmm/m/it/12 >
$\OT1/cmr/m/n/12 ,$\OML/cmm/m/it/12 <$\OT1/cmr/m/n/12 P$\OML/cmm/m/it/12 >$\OT1
/cmr/m/n/12 ,"..."
 []


Overfull \hbox (0.33928pt too wide) in paragraph at lines 442--448
\OT1/cmr/m/n/12 xxx $\OML/cmm/m/it/12 <$\OT1/cmr/m/n/12 P ID=z23$\OML/cmm/m/it/
12 >$ \OT1/cmr/m/n/12 yyy =$\OML/cmm/m/it/12 >$ \OT1/cmr/m/n/12 "xxx ",$\OML/cm
m/m/it/12 <$\OT1/cmr/m/n/12 P$\OML/cmm/m/it/12 >$\OT1/cmr/m/n/12 ," yyy Let &al
-pha;, &beta; &#97;nd &#76647;
 []

[10] [11]
Overfull \hbox (90.58975pt too wide) in paragraph at lines 501--506
[]$\OML/cmm/m/it/12 <$\OT1/cmr/m/n/12 !DOCTYPE HTML PUB-LIC "-//IETF//DTD HTML 
2.0//EN"$\OML/cmm/m/it/12 >$ $<$\OT1/cmr/m/n/12 HEAD$\OML/cmm/m/it/12 >$ $<$\OT
1/cmr/m/n/12 TITLE$\OML/cmm/m/it/12 >$\OT1/cmr/m/n/12 Introduction
 []

[12] [13]
Overfull \hbox (3.11313pt too wide) in paragraph at lines 572--577
[]$\OML/cmm/m/it/12 <$\OT1/cmr/m/n/12 META HTTP-EQUIV="Expires" CON-TENT="Tue, 
04 Dec 1993 21:29:02 GMT"$\OML/cmm/m/it/12 >$
 []


Overfull \hbox (59.98471pt too wide) in paragraph at lines 572--577
\OML/cmm/m/it/12 <$\OT1/cmr/m/n/12 meta http-equiv="Keywords" CON-TENT="Fred, B
arney"$\OML/cmm/m/it/12 >$ $<$\OT1/cmr/m/n/12 META HTTP-EQUIV="Reply-
 []

[14] [15] [16] [17] [18]
Overfull \hbox (14.80614pt too wide) in paragraph at lines 805--809
[]$\OML/cmm/m/it/12 <$\OT1/cmr/m/n/12 DL$\OML/cmm/m/it/12 >$ $<$\OT1/cmr/m/n/12
 DT$\OML/cmm/m/it/12 >$\OT1/cmr/m/n/12 Term$\OML/cmm/m/it/12 <$\OT1/cmr/m/n/12 
DD$\OML/cmm/m/it/12 >$\OT1/cmr/m/n/12 This is the defin-i-tion of the first ter
m. $\OML/cmm/m/it/12 <$\OT1/cmr/m/n/12 DT$\OML/cmm/m/it/12 >$\OT1/cmr/m/n/12 Te
rm$\OML/cmm/m/it/12 <$\OT1/cmr/m/n/12 DD$\OML/cmm/m/it/12 >$\OT1/cmr/m/n/12 Thi
s
 []

[19]
Overfull \hbox (4.41785pt too wide) in paragraph at lines 854--856
[]  \OT1/cmr/bx/n/12 Em-phasis: EM \OT1/cmr/m/n/12 The \OT1/cmr/m/it/12 EM \OT1
/cmr/m/n/12 ele-ment in-dic-ates an em-phas-ized phrase, typ-ic-ally rendered
 []

[20] [21] [22]
Overfull \hbox (171.2118pt too wide) in paragraph at lines 971--978
\OML/cmm/m/it/12 <$\OT1/cmr/m/n/12 IMG SRC="triangle.xbm"$\OML/cmm/m/it/12 >$\O
T1/cmr/m/n/12 Be sure to read these in-struc-tions. $\OML/cmm/m/it/12 <$\OT1/cm
r/m/n/12 a href="http://machine/htbin/imagemap/sample"$\OML/cmm/m/it/12 >$
 []

[23] [24] [25]
Overfull \hbox (42.89284pt too wide) in paragraph at lines 1078--1081
[]\OT1/cmr/m/n/12 For ex-ample, if a user agent was pro-cessing a doc-u-ment id
en-ti-fied as \OT1/cmtt/m/n/12 `http://host/x/y.html'
 []

[26]
Overfull \hbox (51.48906pt too wide) in paragraph at lines 1109--1115
[]$\OML/cmm/m/it/12 <$\OT1/cmr/m/n/12 !DOCTYPE HTML PUB-LIC "-//IETF//DTD HTML 
2.0//EN"$\OML/cmm/m/it/12 >$ $<$\OT1/cmr/m/n/12 head$\OML/cmm/m/it/12 >$$<$\OT1
/cmr/m/n/12 title$\OML/cmm/m/it/12 >$\OT1/cmr/m/n/12 ImageMap
 []


Overfull \hbox (17.12885pt too wide) in paragraph at lines 1109--1115
\OT1/cmr/m/n/12 Example$\OML/cmm/m/it/12 <$\OT1/cmr/m/n/12 /title$\OML/cmm/m/it
/12 >$ $<$\OT1/cmr/m/n/12 BASE HREF="http://host/index"$\OML/cmm/m/it/12 >$$<$\
OT1/cmr/m/n/12 /head$\OML/cmm/m/it/12 >$ $<$\OT1/cmr/m/n/12 body$\OML/cmm/m/it/
12 >$ $<$\OT1/cmr/m/n/12 p$\OML/cmm/m/it/12 >$ \OT1/cmr/m/n/12 Choose
 []


Overfull \hbox (33.1928pt too wide) in paragraph at lines 1109--1115
\OT1/cmr/m/n/12 any of these icons:$\OML/cmm/m/it/12 <$\OT1/cmr/m/n/12 br$\OML/
cmm/m/it/12 >$ $<$\OT1/cmr/m/n/12 a href="/cgi-bin/imagemap"$\OML/cmm/m/it/12 >
$$<$\OT1/cmr/m/n/12 img ismap src="icons.gif"$\OML/cmm/m/it/12 >$$<$\OT1/cmr/m/
n/12 /a$\OML/cmm/m/it/12 >$ 
 []

[27] [28] [29]
Overfull \hbox (43.2186pt too wide) in paragraph at lines 1229--1235
[]$\OML/cmm/m/it/12 <$\OT1/cmr/m/n/12 SELECT NAME="flavor"$\OML/cmm/m/it/12 >$ 
$<$\OT1/cmr/m/n/12 OPTION$\OML/cmm/m/it/12 >$\OT1/cmr/m/n/12 Vanilla $\OML/cmm/
m/it/12 <$\OT1/cmr/m/n/12 OPTION$\OML/cmm/m/it/12 >$\OT1/cmr/m/n/12 Strawberry 
$\OML/cmm/m/it/12 <$\OT1/cmr/m/n/12 OPTION$\OML/cmm/m/it/12 >$\OT1/cmr/m/n/12 R
um
 []

[30] [31]
Overfull \hbox (73.66057pt too wide) in paragraph at lines 1332--1351
\OT1/cmr/m/n/12 fill out this ques-tion-naire: $\OML/cmm/m/it/12 <$\OT1/cmr/m/n
/12 FORM METHOD="POST" ACTION="http://www.w3.org/sample"$\OML/cmm/m/it/12 >$
 []


Overfull \hbox (49.21024pt too wide) in paragraph at lines 1332--1351
\OML/cmm/m/it/12 <$\OT1/cmr/m/n/12 P$\OML/cmm/m/it/12 >$\OT1/cmr/m/n/12 Your na
me: $\OML/cmm/m/it/12 <$\OT1/cmr/m/n/12 INPUT NAME="name" size="48"$\OML/cmm/m/
it/12 >$ $<$\OT1/cmr/m/n/12 P$\OML/cmm/m/it/12 >$\OT1/cmr/m/n/12 Male $\OML/cmm
/m/it/12 <$\OT1/cmr/m/n/12 INPUT NAME="gender"
 []


Overfull \hbox (38.51666pt too wide) in paragraph at lines 1332--1351
\OT1/cmr/m/n/12 TYPE=RADIO VALUE="male"$\OML/cmm/m/it/12 >$ $<$\OT1/cmr/m/n/12 
P$\OML/cmm/m/it/12 >$\OT1/cmr/m/n/12 Female $\OML/cmm/m/it/12 <$\OT1/cmr/m/n/12
 INPUT NAME="gender" TYPE=RADIO
 []


Overfull \hbox (8.21162pt too wide) in paragraph at lines 1332--1351
\OT1/cmr/m/n/12 VALUE="female"$\OML/cmm/m/it/12 >$ $<$\OT1/cmr/m/n/12 P$\OML/cm
m/m/it/12 >$\OT1/cmr/m/n/12 Number in fam-ily: $\OML/cmm/m/it/12 <$\OT1/cmr/m/n
/12 INPUT NAME="family" TYPE=text$\OML/cmm/m/it/12 >$
 []


Overfull \hbox (21.16533pt too wide) in paragraph at lines 1332--1351
\OML/cmm/m/it/12 <$\OT1/cmr/m/n/12 P$\OML/cmm/m/it/12 >$\OT1/cmr/m/n/12 Cities 
in which you main-tain a res-id-ence: $\OML/cmm/m/it/12 <$\OT1/cmr/m/n/12 UL$\O
ML/cmm/m/it/12 >$ $<$\OT1/cmr/m/n/12 LI$\OML/cmm/m/it/12 >$\OT1/cmr/m/n/12 Kent
 $\OML/cmm/m/it/12 <$\OT1/cmr/m/n/12 INPUT NAME="city"
 []


Overfull \hbox (35.126pt too wide) in paragraph at lines 1332--1351
\OT1/cmr/m/n/12 TYPE=checkbox VALUE="kent"$\OML/cmm/m/it/12 >$ $<$\OT1/cmr/m/n/
12 LI$\OML/cmm/m/it/12 >$\OT1/cmr/m/n/12 Miami $\OML/cmm/m/it/12 <$\OT1/cmr/m/n
/12 INPUT NAME="city" TYPE=checkbox
 []


Overfull \hbox (53.33861pt too wide) in paragraph at lines 1332--1351
\OT1/cmr/m/n/12 VALUE="miami"$\OML/cmm/m/it/12 >$ $<$\OT1/cmr/m/n/12 LI$\OML/cm
m/m/it/12 >$\OT1/cmr/m/n/12 Other $\OML/cmm/m/it/12 <$\OT1/cmr/m/n/12 TEXTAREA 
NAME="other" cols=48 rows=4$\OML/cmm/m/it/12 >$$<$\OT1/cmr/m/n/12 /textarea$\OM
L/cmm/m/it/12 >$
 []


Overfull \hbox (53.93411pt too wide) in paragraph at lines 1332--1351
\OT1/cmr/m/n/12 re-spond-ing to this ques-tion-naire. $\OML/cmm/m/it/12 <$\OT1/
cmr/m/n/12 P$\OML/cmm/m/it/12 >$$<$\OT1/cmr/m/n/12 INPUT TYPE=SUBMIT$\OML/cmm/m
/it/12 >$ $<$\OT1/cmr/m/n/12 INPUT TYPE=RESET$\OML/cmm/m/it/12 >$
 []

[32]
Overfull \hbox (95.91887pt too wide) in paragraph at lines 1382--1385
[]\OT1/cmr/m/n/12 The user agent then con-ducts an HTTP POST trans-ac-tion us-i
ng the URI \OT1/cmtt/m/n/12 `http://www.w3.org/sample'\OT1/cmr/m/n/12 .
 []


Overfull \hbox (135.01048pt too wide) in paragraph at lines 1385--1387
[]\OT1/cmr/m/n/12 name=John+Doe&gender=male&family=5&city=kent%2Cmiami& other=a
bc%0D%0Adef&nickname=J%26D 
 []


Overfull \hbox (200.74207pt too wide) in paragraph at lines 1390--1870
\OT1/cmr/m/n/12 Con-nolly $\OML/cmm/m/it/12 <$\OT1/cmr/m/n/12 connolly@w3.org$\
OML/cmm/m/it/12 >$ \OT1/cmr/m/n/12 See Also: html.decl, html-1.dtd http://www.w
3.org/hypertext/WWW/MarkUp/MarkUp.html
 []


Overfull \hbox (100.30989pt too wide) in paragraph at lines 1390--1870
\OML/cmm/m/it/12 <$\OT1/cmr/m/n/12 /html$\OML/cmm/m/it/12 >$ \OT1/cmr/m/n/12 --
 $\OML/cmm/m/it/12 >$ $<$\OT1/cmr/m/n/12 !--============ Fea-ture Test En-tit-i
es ========================--
 []


Overfull \hbox (59.96457pt too wide) in paragraph at lines 1390--1870
\OT1/cmr/m/n/12 =====================--$\OML/cmm/m/it/12 >$ $<$\OT1/cmr/m/n/12 
!ENTITY % head-ing "H1|H2|H3|H4|H5|H6"$\OML/cmm/m/it/12 >$
 []


Overfull \hbox (7.57607pt too wide) in paragraph at lines 1390--1870
\OT1/cmr/m/n/12 tee for Ac-cess-ible Doc-u-ment Design (ICADD) DTD "-//EC-USA-C
DA/ICADD//DTD
 []


Overfull \hbox (9.07787pt too wide) in paragraph at lines 1390--1870
\OT1/cmr/m/n/12 SDARULE "SDARULE CDATA #FIXED" -- context-sensitive map-ping --
$\OML/cmm/m/it/12 >$ $<$\OT1/cmr/m/n/12 !ENTITY
 []


Overfull \hbox (68.52165pt too wide) in paragraph at lines 1390--1870
\OT1/cmr/m/n/12 ========== Text Markup =====================--$\OML/cmm/m/it/12
 >$ $<$\OT1/cmr/m/n/12 ![ %HTML.Highlighting
 []


Overfull \hbox (1.26205pt too wide) in paragraph at lines 1390--1870
\OT1/cmr/m/n/12 "(%heading|%text)*"$\OML/cmm/m/it/12 >$ $<$\OT1/cmr/m/n/12 !ELE
MENT A - - %A.content -(A)$\OML/cmm/m/it/12 >$ $<$\OT1/cmr/m/n/12 !ATTLIST A HR
EF
 []


Overfull \hbox (14.81311pt too wide) in paragraph at lines 1390--1870
\OT1/cmr/m/n/12 %URI #IM-PLIED NAME %link-Name #IM-PLIED %linkEx-traAt-trib-ute
s; %SD-APREF;
 []


Overfull \hbox (32.60777pt too wide) in paragraph at lines 1390--1870
\OT1/cmr/m/n/12 Im-ages ==========================--$\OML/cmm/m/it/12 >$ $<$\OT
1/cmr/m/n/12 !ELEMENT IMG - O EMPTY$\OML/cmm/m/it/12 >$
 []


Overfull \hbox (88.28584pt too wide) in paragraph at lines 1390--1870
\OT1/cmr/m/n/12 (top|middle|bottom) #IM-PLIED ISMAP (ISMAP) #IM-PLIED %SD-APREF
; "$\OML/cmm/m/it/12 <$\OT1/cmr/m/n/12 Fig$\OML/cmm/m/it/12 >$$<$\OT1/cmr/m/n/1
2 ?SDATrans
 []


Overfull \hbox (140.53865pt too wide) in paragraph at lines 1390--1870
\OT1/cmr/m/n/12 ISMAP$\OML/cmm/m/it/12 >$ \OT1/cmr/m/n/12 Each pixel can be a l
ink --$\OML/cmm/m/it/12 >$ $<$\OT1/cmr/m/n/12 !--========== Paragraphs=========
==============--
 []


Overfull \hbox (27.58911pt too wide) in paragraph at lines 1390--1870
\OT1/cmr/m/n/12 Para-graph --$\OML/cmm/m/it/12 >$ $<$\OT1/cmr/m/n/12 !--=======
=== Head-ings, Titles, Sec-tions ===============--
 []


Overfull \hbox (10.66617pt too wide) in paragraph at lines 1390--1870
\OML/cmm/m/it/12 >$ $<$\OT1/cmr/m/n/12 !-- $\OML/cmm/m/it/12 <$\OT1/cmr/m/n/12 
HR$\OML/cmm/m/it/12 >$ \OT1/cmr/m/n/12 Ho-ri-zontal rule --$\OML/cmm/m/it/12 >$
 $<$\OT1/cmr/m/n/12 !ELEMENT ( %head-ing ) - - (%text;)*$\OML/cmm/m/it/12 >$ $<
$\OT1/cmr/m/n/12 !ATTLIST
 []


Overfull \hbox (4.15073pt too wide) in paragraph at lines 1390--1870
\OT1/cmr/m/n/12 %SDA-FORM; "H3" $\OML/cmm/m/it/12 >$ $<$\OT1/cmr/m/n/12 !ATTLIS
T H4 %SDA-FORM; "H4" $\OML/cmm/m/it/12 >$ $<$\OT1/cmr/m/n/12 !ATTLIST H5 %SDA-
 []


Overfull \hbox (16.39098pt too wide) in paragraph at lines 1390--1870
\OT1/cmr/m/n/12 %HTML.Forms [ $\OML/cmm/m/it/12 <$\OT1/cmr/m/n/12 !ENTITY % blo
ck.forms "BLOCK-QUOTE | FORM | ISINDEX"$\OML/cmm/m/it/12 >$
 []


Overfull \hbox (21.41815pt too wide) in paragraph at lines 1390--1870
\OT1/cmr/m/n/12 ]]$\OML/cmm/m/it/12 >$ $<$\OT1/cmr/m/n/12 !ENTITY % block.forms
 "BLOCKQUOTE"$\OML/cmm/m/it/12 >$ $<$\OT1/cmr/m/n/12 ![ %HTML.Deprecated [ $\OM
L/cmm/m/it/12 <$\OT1/cmr/m/n/12 !ENTITY
 []


Overfull \hbox (1.27405pt too wide) in paragraph at lines 1390--1870
\OT1/cmr/m/n/12 "PRE"$\OML/cmm/m/it/12 >$ $<$\OT1/cmr/m/n/12 !ENTITY % block "P
 | %list | DL | %pre-format-ted | %block.forms"$\OML/cmm/m/it/12 >$
 []


Overfull \hbox (84.81677pt too wide) in paragraph at lines 1390--1870
\OT1/cmr/m/n/12 PLAIN-TEXT %SDA-FORM; "Lit" $\OML/cmm/m/it/12 >$ \OT1/cmr/m/n/1
2 ]]$\OML/cmm/m/it/12 >$ $<$\OT1/cmr/m/n/12 !--========== Lists ===============
===--
 []


Overfull \hbox (4.9913pt too wide) in paragraph at lines 1390--1870
\OT1/cmr/m/n/12 "List" $\OML/cmm/m/it/12 >$ $<$\OT1/cmr/m/n/12 !ATTLIST UL COM-
PACT (COM-PACT) #IM-PLIED %SDA-FORM; "List"
 []


Overfull \hbox (55.0954pt too wide) in paragraph at lines 1390--1870
\OT1/cmr/m/n/12 (COM-PACT) #IM-PLIED %SDA-FORM; "List" %SD-APREF; "$\OML/cmm/m/
it/12 <$\OT1/cmr/m/n/12 LHead$\OML/cmm/m/it/12 >$\OT1/cmr/m/n/12 Directory$\OML
/cmm/m/it/12 <$\OT1/cmr/m/n/12 /LHead$\OML/cmm/m/it/12 >$\OT1/cmr/m/n/12 "
 []


Overfull \hbox (25.21315pt too wide) in paragraph at lines 1390--1870
\OT1/cmr/m/n/12 % body.content "(%head-ing|%block|HR|ADDRESS|IMG)*" -- $\OML/cm
m/m/it/12 <$\OT1/cmr/m/n/12 h1$\OML/cmm/m/it/12 >$\OT1/cmr/m/n/12 Heading$\OML/
cmm/m/it/12 <$\OT1/cmr/m/n/12 /h1$\OML/cmm/m/it/12 >$
 []


Overfull \hbox (2.62288pt too wide) in paragraph at lines 1390--1870
\OT1/cmr/m/n/12 body.content "(%head-ing | %text | %block | HR | ADDRESS)*"$\OM
L/cmm/m/it/12 >$ $<$\OT1/cmr/m/n/12 !ELEMENT
 []


Overfull \hbox (12.7123pt too wide) in paragraph at lines 1390--1870
\OT1/cmr/m/n/12 BODY O O %body.content$\OML/cmm/m/it/12 >$ $<$\OT1/cmr/m/n/12 !
-- $\OML/cmm/m/it/12 <$\OT1/cmr/m/n/12 BODY$\OML/cmm/m/it/12 >$ \OT1/cmr/m/n/12
 Doc-u-ment body --$\OML/cmm/m/it/12 >$ $<$\OT1/cmr/m/n/12 !ELEMENT BLOCK-
 []


Overfull \hbox (13.7083pt too wide) in paragraph at lines 1390--1870
\OML/cmm/m/it/12 <$\OT1/cmr/m/n/12 !-- $\OML/cmm/m/it/12 <$\OT1/cmr/m/n/12 BLOC
KQUOTE$\OML/cmm/m/it/12 >$ \OT1/cmr/m/n/12 Quoted pas-sage --$\OML/cmm/m/it/12 
>$ $<$\OT1/cmr/m/n/12 !ELEMENT AD-DRESS - - (%text|P)*$\OML/cmm/m/it/12 >$
 []


Overfull \hbox (115.03162pt too wide) in paragraph at lines 1390--1870
\OML/cmm/m/it/12 <$\OT1/cmr/m/n/12 ADDRESS$\OML/cmm/m/it/12 >$ \OT1/cmr/m/n/12 
Ad-dress, sig-na-ture, or byline --$\OML/cmm/m/it/12 >$ $<$\OT1/cmr/m/n/12 !--=
====== Forms ====================--
 []


Overfull \hbox (143.48729pt too wide) in paragraph at lines 1390--1870
\OML/cmm/m/it/12 >$ $<$\OT1/cmr/m/n/12 ![ %HTML.Forms [ $\OML/cmm/m/it/12 <$\OT
1/cmr/m/n/12 !ELEMENT FORM - - %body.content -(FORM) +(INPUT|SELECT|TEXTAREA)$\
OML/cmm/m/it/12 >$
 []


Overfull \hbox (0.18066pt too wide) in paragraph at lines 1390--1870
\OML/cmm/m/it/12 <$\OT1/cmr/m/n/12 !ATTLIST FORM AC-TION %URI #IM-PLIED METHOD 
(%HTTP-Method) GET
 []


Overfull \hbox (117.92944pt too wide) in paragraph at lines 1390--1870
\OT1/cmr/m/n/12 EN-C-TYPE %Content-Type; "application/x-www-form-urlencoded" %S
D-APREF; "$\OML/cmm/m/it/12 <$\OT1/cmr/m/n/12 Para$\OML/cmm/m/it/12 >$\OT1/cmr/
m/n/12 Form:$\OML/cmm/m/it/12 <$\OT1/cmr/m/n/12 /Para$\OML/cmm/m/it/12 >$\OT1/c
mr/m/n/12 "
 []


Overfull \hbox (1.8889pt too wide) in paragraph at lines 1390--1870
\OML/cmm/m/it/12 <$\OT1/cmr/m/n/12 INPUT VALUE="..."$\OML/cmm/m/it/12 >$ \OT1/c
mr/m/n/12 De-fault/initial/selected value --$\OML/cmm/m/it/12 >$ $<$\OT1/cmr/m/
n/12 !-- $\OML/cmm/m/it/12 <$\OT1/cmr/m/n/12 INPUT SRC="..."$\OML/cmm/m/it/12 >
$
 []


Overfull \hbox (2.62354pt too wide) in paragraph at lines 1390--1870
\OT1/cmr/m/n/12 CDATA #RE-QUIRED SIZE NUM-BER #IM-PLIED MUL-TIPLE (MUL-TIPLE) #
IM-
 []


Overfull \hbox (37.88815pt too wide) in paragraph at lines 1390--1870
\OT1/cmr/m/n/12 PLIED %SDA-FORM; "List" %SD-APREF; "$\OML/cmm/m/it/12 <$\OT1/cm
r/m/n/12 LHead$\OML/cmm/m/it/12 >$\OT1/cmr/m/n/12 Select #AttVal(Multiple)$\OML
/cmm/m/it/12 <$\OT1/cmr/m/n/12 /LHead$\OML/cmm/m/it/12 >$\OT1/cmr/m/n/12 "
 []


Overfull \hbox (20.82886pt too wide) in paragraph at lines 1390--1870
\OT1/cmr/m/n/12 tVal(Value) #At-tVal(Selected)" $\OML/cmm/m/it/12 >$ $<$\OT1/cm
r/m/n/12 !-- $\OML/cmm/m/it/12 <$\OT1/cmr/m/n/12 OPTION$\OML/cmm/m/it/12 >$ \OT
1/cmr/m/n/12 A se-lec-tion op-tion --$\OML/cmm/m/it/12 >$ $<$\OT1/cmr/m/n/12 !-
- $\OML/cmm/m/it/12 <$\OT1/cmr/m/n/12 OPTION
 []


Overfull \hbox (68.989pt too wide) in paragraph at lines 1390--1870
\OT1/cmr/m/n/12 this option--$\OML/cmm/m/it/12 >$ $<$\OT1/cmr/m/n/12 !ELEMENT T
EX-TAREA - - (#PCDATA)* -(INPUT|SELECT|TEXTAREA)$\OML/cmm/m/it/12 >$
 []


Overfull \hbox (17.22453pt too wide) in paragraph at lines 1390--1870
\OML/cmm/m/it/12 <$\OT1/cmr/m/n/12 !ENTITY % head.extra "NEX-TID? & META* & LIN
K*"$\OML/cmm/m/it/12 >$ $<$\OT1/cmr/m/n/12 !ENTITY % head.content
 []


Overfull \hbox (46.91176pt too wide) in paragraph at lines 1390--1870
\OT1/cmr/m/n/12 (%head.content)$\OML/cmm/m/it/12 >$ $<$\OT1/cmr/m/n/12 !-- $\OM
L/cmm/m/it/12 <$\OT1/cmr/m/n/12 HEAD$\OML/cmm/m/it/12 >$ \OT1/cmr/m/n/12 Doc-u-
ment head --$\OML/cmm/m/it/12 >$ $<$\OT1/cmr/m/n/12 !ELEMENT TITLE - - (#PCDATA
)*$\OML/cmm/m/it/12 >$
 []


Overfull \hbox (9.83688pt too wide) in paragraph at lines 1390--1870
\OT1/cmr/m/n/12 %linkEx-traAt-trib-utes; %SD-APREF; "Linked to : #At-tVal (TITL
E) (URN) (HREF)$\OML/cmm/m/it/12 >$\OT1/cmr/m/n/12 "
 []


Overfull \hbox (53.99368pt too wide) in paragraph at lines 1390--1870
\OT1/cmr/m/n/12 As-so-ci-ated in-form-a-tion --$\OML/cmm/m/it/12 >$ $<$\OT1/cmr
/m/n/12 !--======= Doc-u-ment Struc-ture =================--
 []


Overfull \hbox (30.68927pt too wide) in paragraph at lines 1390--1870
\OML/cmm/m/it/12 >$ $<$\OT1/cmr/m/n/12 ![ %HTML.Deprecated [ $\OML/cmm/m/it/12 
<$\OT1/cmr/m/n/12 !ENTITY % html.content "HEAD, BODY, PLAINTEXT?"$\OML/cmm/m/it
/12 >$
 []


Overfull \hbox (52.78871pt too wide) in paragraph at lines 1390--1870
\OT1/cmr/m/n/12 ]]$\OML/cmm/m/it/12 >$ $<$\OT1/cmr/m/n/12 !ENTITY % html.conten
t "HEAD, BODY"$\OML/cmm/m/it/12 >$ $<$\OT1/cmr/m/n/12 !ELEMENT HTML O O (%html.
content)$\OML/cmm/m/it/12 >$
 []


Overfull \hbox (36.01128pt too wide) in paragraph at lines 1390--1870
\OML/cmm/m/it/12 <$\OT1/cmr/m/n/12 !ENTITY % ver-sion.attr "VER-SION CDATA #FIX
ED '%HTML.Version;'"$\OML/cmm/m/it/12 >$ $<$\OT1/cmr/m/n/12 !ATTLIST
 []

[33] [34] [35] [36] [37]
Overfull \hbox (10.7688pt too wide) in paragraph at lines 1871--1875
\OT1/cmr/m/n/12 This doc-u-ment type de-clar-a-tion refers to the HTML DTD with
 the \OT1/cmtt/m/n/12 `HTML.Recommended'
 []


Overfull \hbox (247.419pt too wide) in paragraph at lines 1875--1896
\OT1/cmr/m/n/12 nolly Exp [] Au-thor: Daniel W. Con-nolly $\OML/cmm/m/it/12 <$\
OT1/cmr/m/n/12 connolly@w3.org$\OML/cmm/m/it/12 >$ \OT1/cmr/m/n/12 See Also: ht
tp://www.w3.org/hypertext/WWW/MarkUp/MarkUp.html
 []


Overfull \hbox (28.98807pt too wide) in paragraph at lines 1875--1896
\OML/cmm/m/it/12 <$\OT1/cmr/m/n/12 html$\OML/cmm/m/it/12 >$ \OT1/cmr/m/n/12 ...
 $\OML/cmm/m/it/12 <$\OT1/cmr/m/n/12 /html$\OML/cmm/m/it/12 >$ \OT1/cmr/m/n/12 
-- $\OML/cmm/m/it/12 >$ $<$\OT1/cmr/m/n/12 !-- Fea-ture Test En-tit-ies --$\OML
/cmm/m/it/12 >$ $<$\OT1/cmr/m/n/12 !ENTITY % HTML.Recommended
 []

[38]
Overfull \hbox (261.33932pt too wide) in paragraph at lines 1901--1922
\OT1/cmr/m/n/12 con-nolly Exp [] Au-thor: Daniel W. Con-nolly $\OML/cmm/m/it/12
 <$\OT1/cmr/m/n/12 connolly@w3.org$\OML/cmm/m/it/12 >$ \OT1/cmr/m/n/12 See Also
: http://info.cern.ch/hypertext/WWW/MarkUp/MarkUp.html
 []


Overfull \hbox (12.55363pt too wide) in paragraph at lines 1901--1922
\OT1/cmr/m/n/12 "IGNORE"$\OML/cmm/m/it/12 >$ $<$\OT1/cmr/m/n/12 !ENTITY % html 
PUB-LIC "-//IETF//DTD HTML 2.0//EN"$\OML/cmm/m/it/12 >$ \OT1/cmr/m/n/12 %html; 

 []


Overfull \hbox (44.71289pt too wide) in paragraph at lines 1923--1927
\OT1/cmr/m/n/12 This doc-u-ment type de-clar-a-tion refers to the level 1 HTML 
DTD with the \OT1/cmtt/m/n/12 `HTML.Recommended'
 []


Overfull \hbox (144.85863pt too wide) in paragraph at lines 1927--1948
\OT1/cmr/m/n/12 Daniel W. Con-nolly $\OML/cmm/m/it/12 <$\OT1/cmr/m/n/12 connoll
y@w3.org$\OML/cmm/m/it/12 >$ \OT1/cmr/m/n/12 See Also: http://www.w3.org/hypert
ext/WWW/MarkUp/MarkUp.html
 []


Overfull \hbox (5.91324pt too wide) in paragraph at lines 1927--1948
\OT1/cmr/m/n/12 HTML.Recommended "INCLUDE"$\OML/cmm/m/it/12 >$ $<$\OT1/cmr/m/n/
12 !ENTITY % html-1 PUB-LIC "-//IETF//DTD
 []

[39]
Overfull \hbox (2.48819pt too wide) in paragraph at lines 2044--2070
[]\OT1/cmr/m/n/12 -- cata-log: SGML Open style en-tity cata-log for HTML -- -- 
[]Id: cata-log,v 1.2 1994/11/30
 []

[40] [41]
Overfull \hbox (2.45702pt too wide) in paragraph at lines 2092--2166
\OT1/cmr/m/n/12 "&#198;" -- cap-ital AE diph-thong (lig-at-ure) --$\OML/cmm/m/i
t/12 >$ $<$\OT1/cmr/m/n/12 !ENTITY Aacute CDATA "&#193;"
 []

[42] [43] [44] [45] [46]
Overfull \hbox (135.55286pt too wide) in paragraph at lines 2389--2396
\OT1/cmr/m/n/12 +1 (617) 258 8682 Email: con-nolly@w3.org URI: http://www.w3.or
g/hypertext/WWW/People/Connolly/ 
 []

[47] [48]
Overfull \hbox (1.09955pt too wide) in paragraph at lines 2544--2578
[]$\OML/cmm/m/it/12 <$\OT1/cmr/m/n/12 !ENTITY yuml CDATA "&#255;" -- small y, d
i-er-esis or um-laut mark --$\OML/cmm/m/it/12 >$ $<$\OT1/cmr/m/n/12 !ENTITY
 []

[49] [50] (html-spec.aux) ) 
Here is how much of TeX's memory you used:
 388 strings out of 10935
 3743 string characters out of 67003
 75157 words of memory out of 262141
 3289 multiletter control sequences out of 9500
 15229 words of font info for 48 fonts, out of 200000 for 512
 14 hyphenation exceptions out of 607
 23i,5n,21p,200b,260s stack positions out of 300i,40n,60p,3000b,4000s

Output written on html-spec.dvi (50 pages, 168828 bytes).
